<?xml version="1.0" encoding="UTF-8"?>
<!-- Generated by org.testng.reporters.JUnitReportReporter -->
<testsuite skipped="0" hostname="PUNspardeshi8NLVCG.local" name="testCases.TC_PetstoreAPI" tests="2" failures="0" timestamp="2021-05-30T20:20:00 IST" time="4.495" errors="0">
  <testcase name="test_createUser" time="2.523" classname="testCases.TC_PetstoreAPI"/>
  <system-out/>
  <testcase name="test_getUser" time="1.972" classname="testCases.TC_PetstoreAPI"/>
  <system-out/>
</testsuite> <!-- testCases.TC_PetstoreAPI -->
